<?xml version="1.0" encoding="UTF-8"?>
<!-- Generated by org.testng.reporters.JUnitReportReporter -->
<testsuite hostname="DESKTOP-SSAJ78T" failures="0" tests="1" name="TestCases.VerifyLoginTestCase" time="9.157" errors="0" timestamp="2022-08-29T03:34:45 IST" skipped="0">
  <testcase classname="TestCases.VerifyLoginTestCase" name="Login" time="9.157"/>
  <system-out/>
</testsuite> <!-- TestCases.VerifyLoginTestCase -->
